0:0:0:0:0:0:0:1 - - [14/Jun/2021:17:01:16 +0700] "POST /qtud/api/v1/application HTTP/1.1" 200 180
0:0:0:0:0:0:0:1 - - [14/Jun/2021:17:01:28 +0700] "POST /qtud/api/v1/application HTTP/1.1" 200 186
0:0:0:0:0:0:0:1 - - [14/Jun/2021:17:02:16 +0700] "POST /qtud/api/v1/application HTTP/1.1" 200 197
0:0:0:0:0:0:0:1 - - [14/Jun/2021:17:02:22 +0700] "POST /qtud/api/v1/application HTTP/1.1" 200 203
0:0:0:0:0:0:0:1 - - [14/Jun/2021:17:03:13 +0700] "GET /qtud/api/v1/application/search HTTP/1.1" 200 273
0:0:0:0:0:0:0:1 - - [14/Jun/2021:17:04:25 +0700] "GET /qtud/api/v1/application/search?page=0&size=3&appCode=q HTTP/1.1" 200 273
0:0:0:0:0:0:0:1 - - [14/Jun/2021:17:05:30 +0700] "GET /qtud/api/v1/application/search?page=0&size=3&appCode=q&status=1 HTTP/1.1" 200 68
0:0:0:0:0:0:0:1 - - [14/Jun/2021:17:05:47 +0700] "GET /qtud/api/v1/application/search?page=0&size=3&appCode=pscc_kho&status=1 HTTP/1.1" 200 254
0:0:0:0:0:0:0:1 - - [14/Jun/2021:17:06:43 +0700] "GET /qtud/api/v1/application/search?page=0&size=3&appCode=pscc_kho HTTP/1.1" 200 254
0:0:0:0:0:0:0:1 - - [14/Jun/2021:17:06:46 +0700] "GET /qtud/api/v1/application/search?page=0&size=3&appCode=pscc_kho HTTP/1.1" 200 254
0:0:0:0:0:0:0:1 - - [14/Jun/2021:17:06:55 +0700] "GET /qtud/api/v1/application/search?page=0&size=3 HTTP/1.1" 200 601
0:0:0:0:0:0:0:1 - - [14/Jun/2021:17:26:13 +0700] "PUT /qtud/api/v1/application HTTP/1.1" 200 195
0:0:0:0:0:0:0:1 - - [14/Jun/2021:17:26:23 +0700] "PUT /qtud/api/v1/application HTTP/1.1" 200 195
0:0:0:0:0:0:0:1 - - [14/Jun/2021:17:26:31 +0700] "PUT /qtud/api/v1/application HTTP/1.1" 200 -
0:0:0:0:0:0:0:1 - - [14/Jun/2021:17:54:23 +0700] "GET /qtud/api/v1/application/search?page=0&size=3 HTTP/1.1" 200 601
0:0:0:0:0:0:0:1 - - [14/Jun/2021:17:57:55 +0700] "GET /qtud/api/v1/application/search?page=0&size=3 HTTP/1.1" 200 601
0:0:0:0:0:0:0:1 - - [14/Jun/2021:18:00:02 +0700] "GET /qtud/api/v1/application/search?page=0&size=3 HTTP/1.1" 200 601
0:0:0:0:0:0:0:1 - - [14/Jun/2021:18:13:44 +0700] "GET /qtud/api/v1/application/search?page=0&size=3 HTTP/1.1" 200 601
0:0:0:0:0:0:0:1 - - [14/Jun/2021:18:26:08 +0700] "GET /qtud/api/v1/application/search?page=0&size=3 HTTP/1.1" 200 601
0:0:0:0:0:0:0:1 - - [14/Jun/2021:18:28:28 +0700] "GET /qtud/api/v1/application/search?page=0&size=3 HTTP/1.1" 200 601
0:0:0:0:0:0:0:1 - - [14/Jun/2021:18:29:06 +0700] "GET /qtud/api/v1/application/search?page=0&size=3 HTTP/1.1" 200 601
