0:0:0:0:0:0:0:1 - - [11/Jun/2021:14:10:47 +0700] "GET /api/v1/hello HTTP/1.1" 404 682
0:0:0:0:0:0:0:1 - - [11/Jun/2021:14:11:07 +0700] "GET /qtud/api/v1/hello HTTP/1.1" 401 145
0:0:0:0:0:0:0:1 - - [11/Jun/2021:14:13:52 +0700] "GET /qtud/api/v1/hello HTTP/1.1" 401 -
0:0:0:0:0:0:0:1 - - [11/Jun/2021:14:15:38 +0700] "POST /qtud/api/v1/login HTTP/1.1" 401 -
0:0:0:0:0:0:0:1 - - [11/Jun/2021:14:15:53 +0700] "POST /qtud/api/v1/login?userName=khanh&passWord=12345 HTTP/1.1" 401 -
0:0:0:0:0:0:0:1 - - [11/Jun/2021:14:17:15 +0700] "POST /qtud/api/v1/login HTTP/1.1" 401 -
0:0:0:0:0:0:0:1 - - [11/Jun/2021:14:21:35 +0700] "POST /qtud/api/v1/login HTTP/1.1" 401 -
0:0:0:0:0:0:0:1 - - [11/Jun/2021:14:21:40 +0700] "GET /qtud/api/v1/hello HTTP/1.1" 401 -
0:0:0:0:0:0:0:1 - - [11/Jun/2021:14:21:44 +0700] "GET /qtud/api/v1/hello HTTP/1.1" 401 145
0:0:0:0:0:0:0:1 - - [11/Jun/2021:14:23:39 +0700] "GET /qtud/api/v1/hello HTTP/1.1" 401 145
0:0:0:0:0:0:0:1 - - [11/Jun/2021:14:27:18 +0700] "GET /qtud/api/v1/hello HTTP/1.1" 404 150
0:0:0:0:0:0:0:1 - - [11/Jun/2021:14:27:40 +0700] "GET /api/v1/hello HTTP/1.1" 404 682
0:0:0:0:0:0:0:1 - - [11/Jun/2021:14:27:47 +0700] "GET /qtud/api/v1/hello HTTP/1.1" 404 150
0:0:0:0:0:0:0:1 - - [11/Jun/2021:14:28:38 +0700] "GET /qtud/api/v1/hello HTTP/1.1" 404 150
0:0:0:0:0:0:0:1 - - [11/Jun/2021:14:29:33 +0700] "GET /qtud/api/v1/hello HTTP/1.1" 404 150
0:0:0:0:0:0:0:1 - - [11/Jun/2021:14:30:44 +0700] "GET /qtud/api/v1/hello HTTP/1.1" 404 150
0:0:0:0:0:0:0:1 - - [11/Jun/2021:14:30:46 +0700] "GET /qtud/api/hello HTTP/1.1" 404 147
0:0:0:0:0:0:0:1 - - [11/Jun/2021:14:30:48 +0700] "GET /qtud/api/hello HTTP/1.1" 404 147
0:0:0:0:0:0:0:1 - - [11/Jun/2021:14:31:27 +0700] "GET /qtud/api/hello HTTP/1.1" 404 147
0:0:0:0:0:0:0:1 - - [11/Jun/2021:14:31:35 +0700] "GET /api/hello HTTP/1.1" 404 682
127.0.0.1 - - [11/Jun/2021:14:31:55 +0700] "GET /api/hello HTTP/1.1" 404 682
0:0:0:0:0:0:0:1 - - [11/Jun/2021:14:32:40 +0700] "GET /qtud/api/hello HTTP/1.1" 404 147
127.0.0.1 - - [11/Jun/2021:14:33:14 +0700] "GET /qtud/api/hello HTTP/1.1" 404 147
0:0:0:0:0:0:0:1 - - [11/Jun/2021:14:35:08 +0700] "GET /api/hello HTTP/1.1" 404 142
0:0:0:0:0:0:0:1 - - [11/Jun/2021:14:38:14 +0700] "GET /qtud/api/hello HTTP/1.1" 404 147
0:0:0:0:0:0:0:1 - - [11/Jun/2021:14:38:22 +0700] "GET /qtud/api/v1/hello HTTP/1.1" 404 150
0:0:0:0:0:0:0:1 - - [11/Jun/2021:14:38:58 +0700] "GET /qtud/api/v1/hello HTTP/1.1" 200 5
0:0:0:0:0:0:0:1 - - [11/Jun/2021:14:39:22 +0700] "GET /qtud/api/v1/hello HTTP/1.1" 200 5
127.0.0.1 - - [11/Jun/2021:14:39:38 +0700] "GET /qtud/api/v1/hello HTTP/1.1" 200 5
127.0.0.1 - - [11/Jun/2021:14:39:41 +0700] "GET /qtud/api/v1/hello HTTP/1.1" 200 5
0:0:0:0:0:0:0:1 - - [11/Jun/2021:16:49:11 +0700] "GET /qtud/api/v1/hello HTTP/1.1" 401 145
0:0:0:0:0:0:0:1 - - [11/Jun/2021:16:49:23 +0700] "POST /qtud/api/v1/login HTTP/1.1" 401 -
0:0:0:0:0:0:0:1 - - [11/Jun/2021:16:49:49 +0700] "POST /qtud/api/v1/login HTTP/1.1" 401 -
0:0:0:0:0:0:0:1 - - [11/Jun/2021:16:50:47 +0700] "POST /qtud/api/v1/login HTTP/1.1" 401 -
0:0:0:0:0:0:0:1 - - [11/Jun/2021:16:51:43 +0700] "POST /qtud/api/v1/login HTTP/1.1" 401 -
0:0:0:0:0:0:0:1 - - [11/Jun/2021:16:52:36 +0700] "POST /qtud/api/v1/login HTTP/1.1" 401 -
0:0:0:0:0:0:0:1 - - [11/Jun/2021:16:52:39 +0700] "POST /qtud/api/v1/login HTTP/1.1" 401 -
0:0:0:0:0:0:0:1 - - [11/Jun/2021:16:52:39 +0700] "POST /qtud/api/v1/login HTTP/1.1" 401 -
0:0:0:0:0:0:0:1 - - [11/Jun/2021:16:52:40 +0700] "POST /qtud/api/v1/login HTTP/1.1" 401 -
0:0:0:0:0:0:0:1 - - [11/Jun/2021:16:52:41 +0700] "POST /qtud/api/v1/login HTTP/1.1" 401 -
0:0:0:0:0:0:0:1 - - [11/Jun/2021:16:52:41 +0700] "POST /qtud/api/v1/login HTTP/1.1" 401 -
0:0:0:0:0:0:0:1 - - [11/Jun/2021:16:52:52 +0700] "POST /qtud/api/v1/login HTTP/1.1" 401 -
0:0:0:0:0:0:0:1 - - [11/Jun/2021:17:27:35 +0700] "POST /qtud/api/v1/login HTTP/1.1" 200 281
0:0:0:0:0:0:0:1 - - [11/Jun/2021:17:27:49 +0700] "GET /qtud/api/v1/hello HTTP/1.1" 200 5
0:0:0:0:0:0:0:1 - - [11/Jun/2021:17:28:34 +0700] "GET /qtud/api/v1/hello HTTP/1.1" 200 5
0:0:0:0:0:0:0:1 - - [11/Jun/2021:17:30:05 +0700] "GET /qtud/api/v1/hello HTTP/1.1" 200 5
0:0:0:0:0:0:0:1 - - [11/Jun/2021:17:30:07 +0700] "GET /qtud/api/v1/hello HTTP/1.1" 200 5
0:0:0:0:0:0:0:1 - - [11/Jun/2021:17:30:31 +0700] "GET /qtud/api/v1/hello HTTP/1.1" 200 5
0:0:0:0:0:0:0:1 - - [11/Jun/2021:17:30:35 +0700] "GET /qtud/api/v1/hello HTTP/1.1" 200 5
0:0:0:0:0:0:0:1 - - [11/Jun/2021:17:30:39 +0700] "POST /qtud/api/v1/login HTTP/1.1" 200 281
0:0:0:0:0:0:0:1 - - [11/Jun/2021:17:30:42 +0700] "POST /qtud/api/v1/login HTTP/1.1" 200 281
0:0:0:0:0:0:0:1 - - [11/Jun/2021:17:30:44 +0700] "GET /qtud/api/v1/hello HTTP/1.1" 200 5
0:0:0:0:0:0:0:1 - - [11/Jun/2021:17:36:23 +0700] "GET /qtud/api/v1/hello HTTP/1.1" 200 5
0:0:0:0:0:0:0:1 - - [11/Jun/2021:17:36:24 +0700] "GET /qtud/api/v1/hello HTTP/1.1" 200 5
0:0:0:0:0:0:0:1 - - [11/Jun/2021:17:37:29 +0700] "GET /qtud/api/v1/hello HTTP/1.1" 200 5
0:0:0:0:0:0:0:1 - - [11/Jun/2021:17:37:31 +0700] "GET /qtud/api/v1/hello HTTP/1.1" 200 5
0:0:0:0:0:0:0:1 - - [11/Jun/2021:17:37:35 +0700] "POST /qtud/api/v1/login HTTP/1.1" 200 81
0:0:0:0:0:0:0:1 - - [11/Jun/2021:17:37:44 +0700] "POST /qtud/api/v1/login HTTP/1.1" 200 81
0:0:0:0:0:0:0:1 - - [11/Jun/2021:17:38:44 +0700] "POST /qtud/api/v1/login HTTP/1.1" 200 81
0:0:0:0:0:0:0:1 - - [11/Jun/2021:17:38:45 +0700] "POST /qtud/api/v1/login HTTP/1.1" 200 81
0:0:0:0:0:0:0:1 - - [11/Jun/2021:17:39:05 +0700] "POST /qtud/api/v1/login HTTP/1.1" 200 81
0:0:0:0:0:0:0:1 - - [11/Jun/2021:17:46:44 +0700] "POST /qtud/api/v1/login HTTP/1.1" 200 281
0:0:0:0:0:0:0:1 - - [11/Jun/2021:17:46:49 +0700] "GET /qtud/api/v1/hello HTTP/1.1" 200 5
0:0:0:0:0:0:0:1 - - [11/Jun/2021:17:50:29 +0700] "GET /qtud/api/v1/hello HTTP/1.1" 200 5
0:0:0:0:0:0:0:1 - - [11/Jun/2021:17:54:01 +0700] "GET /qtud/api/v2/hello HTTP/1.1" 401 152
0:0:0:0:0:0:0:1 - - [11/Jun/2021:17:54:07 +0700] "POST /qtud/api/v1/login HTTP/1.1" 200 281
0:0:0:0:0:0:0:1 - - [11/Jun/2021:17:54:27 +0700] "GET /qtud/api/v2/hello HTTP/1.1" 401 152
0:0:0:0:0:0:0:1 - - [11/Jun/2021:17:54:39 +0700] "GET /qtud/api/v2/hello HTTP/1.1" 401 152
0:0:0:0:0:0:0:1 - - [11/Jun/2021:17:56:01 +0700] "GET /qtud/api/v2/hello HTTP/1.1" 401 152
127.0.0.1 - - [11/Jun/2021:17:57:16 +0700] "POST /qtud/api/v1/login HTTP/1.1" 200 281
0:0:0:0:0:0:0:1 - - [11/Jun/2021:18:04:46 +0700] "GET /qtud/api/v2/hello HTTP/1.1" 401 152
0:0:0:0:0:0:0:1 - - [11/Jun/2021:18:04:51 +0700] "POST /qtud/api/v1/login HTTP/1.1" 200 252
0:0:0:0:0:0:0:1 - - [11/Jun/2021:18:04:59 +0700] "GET /qtud/api/v2/hello HTTP/1.1" 401 152
127.0.0.1 - - [11/Jun/2021:18:06:42 +0700] "GET /qtud/api/v2/hello HTTP/1.1" 401 152
0:0:0:0:0:0:0:1 - - [11/Jun/2021:18:06:48 +0700] "GET /qtud/api/v2/hello HTTP/1.1" 401 152
0:0:0:0:0:0:0:1 - - [11/Jun/2021:18:06:54 +0700] "GET /qtud/api/v2/hello HTTP/1.1" 401 152
0:0:0:0:0:0:0:1 - - [11/Jun/2021:18:12:03 +0700] "GET /qtud/api/v2/hello HTTP/1.1" 401 152
0:0:0:0:0:0:0:1 - - [11/Jun/2021:18:15:30 +0700] "GET /qtud/api/v2/hello HTTP/1.1" 401 152
0:0:0:0:0:0:0:1 - - [11/Jun/2021:18:15:33 +0700] "POST /qtud/api/v1/login HTTP/1.1" 200 252
0:0:0:0:0:0:0:1 - - [11/Jun/2021:18:15:44 +0700] "GET /qtud/api/v2/hello HTTP/1.1" 401 152
0:0:0:0:0:0:0:1 - - [11/Jun/2021:18:15:47 +0700] "GET /qtud/api/v2/hello HTTP/1.1" 401 152
