0:0:0:0:0:0:0:1 - - [12/Jun/2021:08:26:15 +0700] "GET /qtud/api/v2/hello HTTP/1.1" 401 152
0:0:0:0:0:0:0:1 - - [12/Jun/2021:08:26:24 +0700] "POST /qtud/api/v1/login HTTP/1.1" 200 252
0:0:0:0:0:0:0:1 - - [12/Jun/2021:08:28:04 +0700] "GET /qtud/api/v2/hello HTTP/1.1" 401 152
0:0:0:0:0:0:0:1 - - [12/Jun/2021:08:29:03 +0700] "GET /qtud/api/v2/hello HTTP/1.1" 401 152
0:0:0:0:0:0:0:1 - - [12/Jun/2021:08:34:17 +0700] "POST /qtud/api/v1/login HTTP/1.1" 200 252
0:0:0:0:0:0:0:1 - - [12/Jun/2021:08:42:48 +0700] "GET /qtud/api/v2/hello HTTP/1.1" 401 152
0:0:0:0:0:0:0:1 - - [12/Jun/2021:08:42:52 +0700] "POST /qtud/api/v1/login HTTP/1.1" 401 152
0:0:0:0:0:0:0:1 - - [12/Jun/2021:08:42:58 +0700] "POST /qtud/api/v1/login HTTP/1.1" 401 152
0:0:0:0:0:0:0:1 - - [12/Jun/2021:09:25:21 +0700] "POST /qtud/api/v1/login HTTP/1.1" 401 -
0:0:0:0:0:0:0:1 - - [12/Jun/2021:09:25:25 +0700] "GET /qtud/api/v2/hello HTTP/1.1" 401 145
0:0:0:0:0:0:0:1 - - [12/Jun/2021:09:25:28 +0700] "POST /qtud/api/v1/login HTTP/1.1" 401 -
127.0.0.1 - - [12/Jun/2021:09:26:43 +0700] "POST /qtud/api/v1/login HTTP/1.1" 200 281
127.0.0.1 - - [12/Jun/2021:09:26:50 +0700] "GET /qtud/api/v2/hello HTTP/1.1" 200 5
0:0:0:0:0:0:0:1 - - [12/Jun/2021:09:27:58 +0700] "GET /qtud/api/v2/hello HTTP/1.1" 200 5
0:0:0:0:0:0:0:1 - - [12/Jun/2021:09:28:01 +0700] "POST /qtud/api/v1/login HTTP/1.1" 200 281
0:0:0:0:0:0:0:1 - - [12/Jun/2021:09:28:03 +0700] "GET /qtud/api/v2/hello HTTP/1.1" 200 5
0:0:0:0:0:0:0:1 - - [12/Jun/2021:09:28:08 +0700] "GET /qtud/api/v2/hello HTTP/1.1" 200 5
0:0:0:0:0:0:0:1 - - [12/Jun/2021:09:28:09 +0700] "GET /qtud/api/v2/hello HTTP/1.1" 200 5
0:0:0:0:0:0:0:1 - - [12/Jun/2021:09:28:10 +0700] "GET /qtud/api/v2/hello HTTP/1.1" 200 5
0:0:0:0:0:0:0:1 - - [12/Jun/2021:09:28:10 +0700] "GET /qtud/api/v2/hello HTTP/1.1" 200 5
0:0:0:0:0:0:0:1 - - [12/Jun/2021:09:28:10 +0700] "GET /qtud/api/v2/hello HTTP/1.1" 200 5
0:0:0:0:0:0:0:1 - - [12/Jun/2021:10:37:01 +0700] "GET /qtud/api/v2/hello HTTP/1.1" 401 145
0:0:0:0:0:0:0:1 - - [12/Jun/2021:10:37:05 +0700] "POST /qtud/api/v1/login HTTP/1.1" 200 120
127.0.0.1 - - [12/Jun/2021:10:39:36 +0700] "POST /qtud/api/v1/login HTTP/1.1" 200 253
127.0.0.1 - - [12/Jun/2021:10:39:52 +0700] "GET /qtud/api/v2/hello HTTP/1.1" 401 145
127.0.0.1 - - [12/Jun/2021:10:39:58 +0700] "GET /qtud/api/v2/hello HTTP/1.1" 401 -
127.0.0.1 - - [12/Jun/2021:10:40:01 +0700] "GET /qtud/api/v2/hello HTTP/1.1" 401 145
127.0.0.1 - - [12/Jun/2021:10:40:20 +0700] "GET /qtud/api/v2/hello HTTP/1.1" 401 -
0:0:0:0:0:0:0:1 - - [12/Jun/2021:11:41:00 +0700] "GET /qtud/api/v2/hello HTTP/1.1" 401 152
0:0:0:0:0:0:0:1 - - [12/Jun/2021:11:41:04 +0700] "POST /qtud/api/v1/login HTTP/1.1" 404 150
0:0:0:0:0:0:0:1 - - [12/Jun/2021:11:41:49 +0700] "POST /qtud/api/v1/login HTTP/1.1" 200 253
0:0:0:0:0:0:0:1 - - [12/Jun/2021:11:41:55 +0700] "GET /qtud/api/v2/hello HTTP/1.1" 401 152
0:0:0:0:0:0:0:1 - - [12/Jun/2021:11:42:00 +0700] "GET /qtud/api/v2/hello HTTP/1.1" 200 5
0:0:0:0:0:0:0:1 - - [12/Jun/2021:11:42:06 +0700] "GET /qtud/api/v2/hello HTTP/1.1" 401 152
0:0:0:0:0:0:0:1 - - [12/Jun/2021:11:42:09 +0700] "GET /qtud/api/v2/hello HTTP/1.1" 200 5
0:0:0:0:0:0:0:1 - - [12/Jun/2021:11:45:01 +0700] "GET /qtud/api/v2/hello HTTP/1.1" 401 152
0:0:0:0:0:0:0:1 - - [12/Jun/2021:11:45:04 +0700] "GET /qtud/api/v2/hello HTTP/1.1" 200 5
0:0:0:0:0:0:0:1 - - [12/Jun/2021:11:57:28 +0700] "GET /qtud/api/v2/hello HTTP/1.1" 200 5
0:0:0:0:0:0:0:1 - - [12/Jun/2021:11:57:31 +0700] "GET /qtud/api/v2/hello HTTP/1.1" 200 5
0:0:0:0:0:0:0:1 - - [12/Jun/2021:11:57:42 +0700] "GET /qtud/api/v2/hello HTTP/1.1" 401 152
0:0:0:0:0:0:0:1 - - [12/Jun/2021:11:57:44 +0700] "GET /qtud/api/v2/hello HTTP/1.1" 200 5
0:0:0:0:0:0:0:1 - - [12/Jun/2021:12:39:36 +0700] "GET /qtud/api/v2/hello HTTP/1.1" 200 5
0:0:0:0:0:0:0:1 - - [12/Jun/2021:14:57:40 +0700] "GET /qtud/api/v2/hello HTTP/1.1" 200 5
0:0:0:0:0:0:0:1 - - [12/Jun/2021:14:57:46 +0700] "GET /qtud/api/v2/hello HTTP/1.1" 401 152
0:0:0:0:0:0:0:1 - - [12/Jun/2021:14:57:47 +0700] "GET /qtud/api/v2/hello HTTP/1.1" 401 152
0:0:0:0:0:0:0:1 - - [12/Jun/2021:14:57:48 +0700] "GET /qtud/api/v2/hello HTTP/1.1" 401 152
0:0:0:0:0:0:0:1 - - [12/Jun/2021:14:57:49 +0700] "GET /qtud/api/v2/hello HTTP/1.1" 401 152
0:0:0:0:0:0:0:1 - - [12/Jun/2021:14:57:55 +0700] "GET /qtud/api/v2/hello HTTP/1.1" 401 152
0:0:0:0:0:0:0:1 - - [12/Jun/2021:14:58:14 +0700] "GET /qtud/api/v2/hello HTTP/1.1" 200 5
0:0:0:0:0:0:0:1 - - [12/Jun/2021:14:58:19 +0700] "GET /qtud/api/v2/hello HTTP/1.1" 401 152
0:0:0:0:0:0:0:1 - - [12/Jun/2021:14:58:27 +0700] "GET /qtud/api/v2/hello HTTP/1.1" 200 5
0:0:0:0:0:0:0:1 - - [12/Jun/2021:15:12:57 +0700] "GET /qtud/api/v2/hello HTTP/1.1" 200 5
0:0:0:0:0:0:0:1 - - [12/Jun/2021:15:13:00 +0700] "POST /qtud/api/v1/login HTTP/1.1" 200 253
0:0:0:0:0:0:0:1 - - [12/Jun/2021:15:13:08 +0700] "GET /qtud/api/v2/hello HTTP/1.1" 200 5
0:0:0:0:0:0:0:1 - - [12/Jun/2021:15:13:14 +0700] "GET /qtud/api/v2/hello HTTP/1.1" 401 152
0:0:0:0:0:0:0:1 - - [12/Jun/2021:15:13:21 +0700] "GET /qtud/api/v2/hello HTTP/1.1" 200 5
